{
  "stats": {
    "suites": 4,
    "tests": 4,
    "passes": 4,
    "pending": 0,
    "failures": 0,
    "start": "2024-08-17T15:21:43.576Z",
    "end": "2024-08-17T15:21:46.064Z",
    "duration": 2488,
    "testsRegistered": 4,
    "passPercent": 100,
    "pendingPercent": 0,
    "other": 0,
    "hasOther": false,
    "skipped": 0,
    "hasSkipped": false
  },
  "results": [
    {
      "uuid": "289ef4af-82d2-4de7-b008-334360737661",
      "title": "",
      "fullFile": "",
      "file": "",
      "beforeHooks": [],
      "afterHooks": [],
      "tests": [],
      "suites": [
        {
          "uuid": "5b5d6272-086b-43b8-b457-82c42504da28",
          "title": "API test DELETE for \"reqres.in\"",
          "fullFile": "E:\\Digital Skola\\ds-api-test-task7\\test\\delete-test.js",
          "file": "\\test\\delete-test.js",
          "beforeHooks": [],
          "afterHooks": [],
          "tests": [
            {
              "title": "Test - DELETE of Users",
              "fullTitle": "API test DELETE for \"reqres.in\" Test - DELETE of Users",
              "timedOut": false,
              "duration": 851,
              "state": "passed",
              "speed": "slow",
              "pass": true,
              "fail": false,
              "pending": false,
              "context": null,
              "code": "const response = await request(LINK_URL_DELETE)\n.delete(\"users\")\n\n//console.log(response.statusCode)\n// assertion\nassert.equal(response.statusCode, 204)",
              "err": {},
              "uuid": "640228e2-b9e0-4322-91b7-e8d079def6dc",
              "parentUUID": "5b5d6272-086b-43b8-b457-82c42504da28",
              "isHook": false,
              "skipped": false
            }
          ],
          "suites": [],
          "passes": [
            "640228e2-b9e0-4322-91b7-e8d079def6dc"
          ],
          "failures": [],
          "pending": [],
          "skipped": [],
          "duration": 851,
          "root": false,
          "rootEmpty": false,
          "_timeout": 2000
        },
        {
          "uuid": "71e26623-33b3-49ed-ae5c-1d3aee9f1f4d",
          "title": "API test GET for \"reqres.in\"",
          "fullFile": "E:\\Digital Skola\\ds-api-test-task7\\test\\get-test.js",
          "file": "\\test\\get-test.js",
          "beforeHooks": [],
          "afterHooks": [],
          "tests": [
            {
              "title": "Test - GET List of Users",
              "fullTitle": "API test GET for \"reqres.in\" Test - GET List of Users",
              "timedOut": false,
              "duration": 220,
              "state": "passed",
              "speed": "slow",
              "pass": true,
              "fail": false,
              "pending": false,
              "context": null,
              "code": "const response = await request(LINK_URL_GET)\n.get(\"users\")\n\n//console.log(response.statusCode)\n//console.log(response.body)\n// assertion\nassert.equal(response.statusCode, 200)\nassert.equal(response.body.data[0].first_name, \"Michael\")\n\nconst schemaPath = \"resources/jsonSchema/get-users-schema.json\"\nconst jsonSchema = JSON.parse(fs.readFileSync(schemaPath, 'utf8'))\nassert.jsonSchema(response.body, jsonSchema)",
              "err": {},
              "uuid": "ded36675-7f1b-4f8e-b90d-731236da1c96",
              "parentUUID": "71e26623-33b3-49ed-ae5c-1d3aee9f1f4d",
              "isHook": false,
              "skipped": false
            }
          ],
          "suites": [],
          "passes": [
            "ded36675-7f1b-4f8e-b90d-731236da1c96"
          ],
          "failures": [],
          "pending": [],
          "skipped": [],
          "duration": 220,
          "root": false,
          "rootEmpty": false,
          "_timeout": 2000
        },
        {
          "uuid": "654ee44c-594a-45fe-addf-3cb45fcb462c",
          "title": "API test POST for \"reqres.in\"",
          "fullFile": "E:\\Digital Skola\\ds-api-test-task7\\test\\post-test.js",
          "file": "\\test\\post-test.js",
          "beforeHooks": [],
          "afterHooks": [],
          "tests": [
            {
              "title": "Test - POST create users",
              "fullTitle": "API test POST for \"reqres.in\" Test - POST create users",
              "timedOut": false,
              "duration": 727,
              "state": "passed",
              "speed": "slow",
              "pass": true,
              "fail": false,
              "pending": false,
              "context": null,
              "code": "const body = {\n    \"name\": \"bagas\",\n    \"job\": \"leader\"\n}\nconst response = await request(LINK_URL_POST)\n.post(\"users\")\n.send(body)\n//console.log(response.statusCode)\n//console.log(response.body)\n// assertion\nassert.equal(response.statusCode, 201)\nassert.equal(response.body.name, \"bagas\")  \nconst schemaPath = \"resources/jsonSchema/post-users-schema.json\"\nconst jsonSchema = JSON.parse(fs.readFileSync(schemaPath, 'utf8'))\nassert.jsonSchema(response.body, jsonSchema)",
              "err": {},
              "uuid": "a96d3109-238b-4676-833f-af55ef5fc7cb",
              "parentUUID": "654ee44c-594a-45fe-addf-3cb45fcb462c",
              "isHook": false,
              "skipped": false
            }
          ],
          "suites": [],
          "passes": [
            "a96d3109-238b-4676-833f-af55ef5fc7cb"
          ],
          "failures": [],
          "pending": [],
          "skipped": [],
          "duration": 727,
          "root": false,
          "rootEmpty": false,
          "_timeout": 2000
        },
        {
          "uuid": "471c7466-cbcf-40c2-9c19-f090490abfbd",
          "title": "API test PUT for \"reqres.in\"",
          "fullFile": "E:\\Digital Skola\\ds-api-test-task7\\test\\put-test.js",
          "file": "\\test\\put-test.js",
          "beforeHooks": [],
          "afterHooks": [],
          "tests": [
            {
              "title": "Test - PUT update users",
              "fullTitle": "API test PUT for \"reqres.in\" Test - PUT update users",
              "timedOut": false,
              "duration": 662,
              "state": "passed",
              "speed": "slow",
              "pass": true,
              "fail": false,
              "pending": false,
              "context": null,
              "code": "const body = {\n    \"name\": \"aji\",\n    \"job\": \"zion resident\"\n}\nconst response = await request(LINK_URL_POST)\n.put(\"users\")\n.send(body)\n//console.log(response.statusCode)\n//console.log(response.body)\n// assertion\nassert.equal(response.statusCode, 200)\nassert.equal(response.body.name, \"aji\")  \nconst schemaPath = \"resources/jsonSchema/put-users-schema.json\"\nconst jsonSchema = JSON.parse(fs.readFileSync(schemaPath, 'utf8'))\nassert.jsonSchema(response.body, jsonSchema)",
              "err": {},
              "uuid": "423c048e-1cd0-43d8-b4bb-09bd5e3115ea",
              "parentUUID": "471c7466-cbcf-40c2-9c19-f090490abfbd",
              "isHook": false,
              "skipped": false
            }
          ],
          "suites": [],
          "passes": [
            "423c048e-1cd0-43d8-b4bb-09bd5e3115ea"
          ],
          "failures": [],
          "pending": [],
          "skipped": [],
          "duration": 662,
          "root": false,
          "rootEmpty": false,
          "_timeout": 2000
        }
      ],
      "passes": [],
      "failures": [],
      "pending": [],
      "skipped": [],
      "duration": 0,
      "root": true,
      "rootEmpty": true,
      "_timeout": 2000
    }
  ],
  "meta": {
    "mocha": {
      "version": "10.7.3"
    },
    "mochawesome": {
      "options": {
        "quiet": false,
        "reportFilename": "mochawesome",
        "saveHtml": true,
        "saveJson": true,
        "consoleReporter": "spec",
        "useInlineDiffs": false,
        "code": true
      },
      "version": "7.1.3"
    },
    "marge": {
      "options": null,
      "version": "6.2.0"
    }
  }
}